<?xml version="1.0" encoding="UTF-8"?>
<!-- Generated by org.testng.reporters.JUnitReportReporter -->
<testsuite skipped="0" hostname="LAPTOP-R9L8EI3K" name="com.testNG.parallelExecution" tests="3" failures="0" timestamp="2020-08-18T10:22:47 PDT" time="0.053" errors="0">
  <testcase name="testcase3" time="0.022" classname="com.testNG.parallelExecution"/>
  <system-out/>
  <testcase name="testcase2" time="0.005" classname="com.testNG.parallelExecution"/>
  <system-out/>
  <testcase name="testcase1" time="0.026" classname="com.testNG.parallelExecution"/>
  <system-out/>
</testsuite> <!-- com.testNG.parallelExecution -->
