<?xml version="1.0" encoding="UTF-8"?>
<!-- Generated by org.testng.reporters.JUnitReportReporter -->
<testsuite skipped="0" hostname="LAPTOP-R9L8EI3K" name="com.testNG.ExplicitWait" tests="1" failures="0" timestamp="2020-08-20T10:05:28 PDT" time="11.743" errors="0">
  <testcase name="login" time="11.743" classname="com.testNG.ExplicitWait"/>
  <system-out/>
</testsuite> <!-- com.testNG.ExplicitWait -->
