<?xml version="1.0" encoding="UTF-8"?>
<!-- Generated by org.testng.reporters.JUnitReportReporter -->
<testsuite skipped="0" hostname="LAPTOP-R9L8EI3K" name="com.testNG.FlipCart" tests="1" failures="0" timestamp="2020-08-19T09:45:58 PDT" time="1.079" errors="0">
  <testcase name="search" time="1.079" classname="com.testNG.FlipCart"/>
  <system-out/>
</testsuite> <!-- com.testNG.FlipCart -->
