<?xml version="1.0" encoding="UTF-8"?>
<!-- Generated by org.testng.reporters.JUnitReportReporter -->
<testsuite skipped="0" hostname="LAPTOP-R9L8EI3K" name="com.testNG.orangeHRM" tests="1" failures="0" timestamp="2020-08-24T21:30:10 PDT" time="10.921" errors="0">
  <testcase name="login" time="10.921" classname="com.testNG.orangeHRM"/>
  <system-out/>
</testsuite> <!-- com.testNG.orangeHRM -->
