<?xml version="1.0" encoding="UTF-8"?>
<!-- Generated by org.testng.reporters.JUnitReportReporter -->
<testsuite skipped="0" hostname="LAPTOP-R9L8EI3K" name="com.testNG.ClickAndHold" tests="1" failures="0" timestamp="2020-08-20T09:13:42 PDT" time="12.282" errors="0">
  <testcase name="actionOn" time="12.282" classname="com.testNG.ClickAndHold"/>
  <system-out/>
</testsuite> <!-- com.testNG.ClickAndHold -->
