<?xml version="1.0" encoding="UTF-8"?>
<!-- Generated by org.testng.reporters.JUnitReportReporter -->
<testsuite skipped="0" hostname="LAPTOP-R9L8EI3K" name="com.testcases.Authentication" tests="1" failures="0" timestamp="2020-08-20T11:26:38 PDT" time="8.392" errors="0">
  <testcase name="ActionOn" time="8.392" classname="com.testcases.Authentication"/>
  <system-out/>
</testsuite> <!-- com.testcases.Authentication -->
