<?xml version="1.0" encoding="UTF-8"?>
<!-- Generated by org.testng.reporters.JUnitReportReporter -->
<testsuite skipped="0" hostname="LAPTOP-R9L8EI3K" name="com.testNG.orangeHRM" tests="1" failures="0" timestamp="2020-08-18T11:21:17 PDT" time="11.406" errors="0">
  <testcase name="login" time="11.406" classname="com.testNG.orangeHRM"/>
  <system-out/>
</testsuite> <!-- com.testNG.orangeHRM -->
