<?xml version="1.0" encoding="UTF-8"?>
<!-- Generated by org.testng.reporters.JUnitReportReporter -->
<testsuite skipped="0" hostname="LAPTOP-R9L8EI3K" name="homewoks.CrossBrowserOrangeHRM" tests="1" failures="0" timestamp="2020-08-20T21:45:24 PDT" time="1.888" errors="0">
  <testcase name="facebook" time="1.888" classname="homewoks.CrossBrowserOrangeHRM"/>
  <system-out/>
</testsuite> <!-- homewoks.CrossBrowserOrangeHRM -->
