<?xml version="1.0" encoding="UTF-8"?>
<!-- Generated by org.testng.reporters.JUnitReportReporter -->
<testsuite skipped="0" hostname="LAPTOP-R9L8EI3K" name="com.testNG.PriorityTestCase" tests="3" failures="0" timestamp="2020-08-18T10:06:31 PDT" time="0.013" errors="0">
  <testcase name="testcase2" time="0.009" classname="com.testNG.PriorityTestCase"/>
  <system-out/>
  <testcase name="testcase3" time="0.003" classname="com.testNG.PriorityTestCase"/>
  <system-out/>
  <testcase name="testcase1" time="0.001" classname="com.testNG.PriorityTestCase"/>
  <system-out/>
</testsuite> <!-- com.testNG.PriorityTestCase -->
