<?xml version="1.0" encoding="UTF-8"?>
<!-- Generated by org.testng.reporters.JUnitReportReporter -->
<testsuite skipped="0" hostname="LAPTOP-R9L8EI3K" name="com.testNG.SampleTestCase" tests="3" failures="0" timestamp="2020-08-18T09:55:48 PDT" time="0.014" errors="0">
  <testcase name="TestCase1" time="0.008" classname="com.testNG.SampleTestCase"/>
  <system-out/>
  <testcase name="TestCase2" time="0.004" classname="com.testNG.SampleTestCase"/>
  <system-out/>
  <testcase name="TestCase3" time="0.002" classname="com.testNG.SampleTestCase"/>
  <system-out/>
</testsuite> <!-- com.testNG.SampleTestCase -->
