<?xml version="1.0" encoding="UTF-8"?>
<!-- Generated by org.testng.reporters.JUnitReportReporter -->
<testsuite skipped="0" hostname="LAPTOP-R9L8EI3K" name="com.testNG.parallelExecution1" tests="3" failures="0" timestamp="2020-08-18T10:22:47 PDT" time="0.038" errors="0">
  <testcase name="testcase5" time="0.008" classname="com.testNG.parallelExecution1"/>
  <system-out/>
  <testcase name="testcase6" time="0.004" classname="com.testNG.parallelExecution1"/>
  <system-out/>
  <testcase name="testcase4" time="0.026" classname="com.testNG.parallelExecution1"/>
  <system-out/>
</testsuite> <!-- com.testNG.parallelExecution1 -->
