<?xml version="1.0" encoding="UTF-8"?>
<!-- Generated by org.testng.reporters.JUnitReportReporter -->
<testsuite skipped="0" hostname="LAPTOP-R9L8EI3K" name="com.testNG.CrossBrowser" tests="1" failures="0" timestamp="2020-08-20T21:45:24 PDT" time="3.031" errors="0">
  <testcase name="facebook" time="3.031" classname="com.testNG.CrossBrowser"/>
  <system-out/>
</testsuite> <!-- com.testNG.CrossBrowser -->
