<?xml version="1.0" encoding="UTF-8"?>
<!-- Generated by org.testng.reporters.JUnitReportReporter -->
<testsuite skipped="0" hostname="LAPTOP-R9L8EI3K" name="com.testcases.DragAndDrp" tests="1" failures="0" timestamp="2020-08-19T11:08:13 PDT" time="11.593" errors="0">
  <testcase name="ActionClass" time="11.593" classname="com.testcases.DragAndDrp"/>
  <system-out/>
</testsuite> <!-- com.testcases.DragAndDrp -->
